This is pdfTeX, Version 3.14159265-2.6-1.40.19 (TeX Live 2018) (preloaded format=pdflatex 2018.6.21)  2 MAY 2022 22:55
entering extended mode
 restricted \write18 enabled.
 %&-line parsing enabled.
**main.tex
(./main.tex
LaTeX2e <2018-04-01> patch level 2
Babel <3.18> and hyphenation patterns for 84 language(s) loaded.
(./svmult.cls
Document Class: svmult 2018/01/11 v5.5 
Springer Verlag global LaTeX document class for multi authored books

Class Springer-SVMult Warning: Specified option or subpackage "ruled" 
(Springer-SVMult)              not found - passing it to article class 
(Springer-SVMult)              - on input line 221.

Class Springer-SVMult Info: extra/valid Springer sub-package 
(Springer-SVMult)           not found in option list - using "global" style.
(/usr/local/texlive/2018/texmf-dist/tex/latex/base/article.cls
Document Class: article 2014/09/29 v1.4h Standard LaTeX document class
(/usr/local/texlive/2018/texmf-dist/tex/latex/base/size10.clo
File: size10.clo 2014/09/29 v1.4h Standard LaTeX file (size option)
)
\c@part=\count80
\c@section=\count81
\c@subsection=\count82
\c@subsubsection=\count83
\c@paragraph=\count84
\c@subparagraph=\count85
\c@figure=\count86
\c@table=\count87
\abovecaptionskip=\skip41
\belowcaptionskip=\skip42
\bibindent=\dimen102
)
\svparindent=\dimen103
\bibindent=\dimen104
\betweenumberspace=\dimen105
\headlineindent=\dimen106
\minitoc=\write3
\c@minitocdepth=\count88
\c@chapter=\count89
\mottowidth=\dimen107
\svitemindent=\dimen108
\verbatimindent=\dimen109
LaTeX Font Info:    Redeclaring math symbol \Gamma on input line 971.
LaTeX Font Info:    Redeclaring math symbol \Delta on input line 972.
LaTeX Font Info:    Redeclaring math symbol \Theta on input line 973.
LaTeX Font Info:    Redeclaring math symbol \Lambda on input line 974.
LaTeX Font Info:    Redeclaring math symbol \Xi on input line 975.
LaTeX Font Info:    Redeclaring math symbol \Pi on input line 976.
LaTeX Font Info:    Redeclaring math symbol \Sigma on input line 977.
LaTeX Font Info:    Redeclaring math symbol \Upsilon on input line 978.
LaTeX Font Info:    Redeclaring math symbol \Phi on input line 979.
LaTeX Font Info:    Redeclaring math symbol \Psi on input line 980.
LaTeX Font Info:    Redeclaring math symbol \Omega on input line 981.
\tocchpnum=\dimen110
\tocsecnum=\dimen111
\tocsectotal=\dimen112
\tocsubsecnum=\dimen113
\tocsubsectotal=\dimen114
\tocsubsubsecnum=\dimen115
\tocsubsubsectotal=\dimen116
\tocparanum=\dimen117
\tocparatotal=\dimen118
\tocsubparanum=\dimen119
\foot@parindent=\dimen120
\spthmsep=\dimen121
\c@theorem=\count90
\c@case=\count91
\c@conjecture=\count92
\c@corollary=\count93
\c@definition=\count94
\c@example=\count95
\c@exercise=\count96
\c@lemma=\count97
\c@note=\count98
\c@problem=\count99
\c@property=\count100
\c@proposition=\count101
\c@question=\count102
\c@solution=\count103
\c@remark=\count104
\c@prob=\count105
\instindent=\dimen122
\figgap=\dimen123
\bildb@x=\box26
\figcapgap=\dimen124
\tabcapgap=\dimen125
\c@merk=\count106
\c@@inst=\count107
\c@@auth=\count108
\c@auco=\count109
\instindent=\dimen126
\authrun=\box27
\authorrunning=\toks14
\tocauthor=\toks15
\titrun=\box28
\titlerunning=\toks16
\toctitle=\toks17
\c@contribution=\count110
LaTeX Info: Redefining \abstract on input line 2329.

(/usr/local/texlive/2018/texmf-dist/tex/latex/xcolor/xcolor.sty
Package: xcolor 2016/05/11 v2.12 LaTeX color extensions (UK)

(/usr/local/texlive/2018/texmf-dist/tex/latex/graphics-cfg/color.cfg
File: color.cfg 2016/01/02 v1.6 sample color configuration
)
Package xcolor Info: Driver file: pdftex.def on input line 225.

(/usr/local/texlive/2018/texmf-dist/tex/latex/graphics-def/pdftex.def
File: pdftex.def 2018/01/08 v1.0l Graphics/color driver for pdftex
)
Package xcolor Info: Model `cmy' substituted by `cmy0' on input line 1348.
Package xcolor Info: Model `hsb' substituted by `rgb' on input line 1352.
Package xcolor Info: Model `RGB' extended on input line 1364.
Package xcolor Info: Model `HTML' substituted by `rgb' on input line 1366.
Package xcolor Info: Model `Hsb' substituted by `hsb' on input line 1367.
Package xcolor Info: Model `tHsb' substituted by `hsb' on input line 1368.
Package xcolor Info: Model `HSB' substituted by `hsb' on input line 1369.
Package xcolor Info: Model `Gray' substituted by `gray' on input line 1370.
Package xcolor Info: Model `wave' substituted by `hsb' on input line 1371.

(/usr/local/texlive/2018/texmf-dist/tex/latex/xcolor/x11nam.def
File: x11nam.def 2016/05/11 v2.12 Predefined colors according to Unix/X11 (UK)
))
(/usr/local/texlive/2018/texmf-dist/tex/latex/ntheorem/ntheorem.sty
Style `ntheorem', Version 1.33 <2011/08/15>
Package: ntheorem 2011/08/15 1.33
(/usr/local/texlive/2018/texmf-dist/tex/latex/base/ifthen.sty
Package: ifthen 2014/09/29 v1.1c Standard LaTeX ifthen package (DPC)
)
\theorem@style=\toks18
\theorem@@style=\toks19
\theorembodyfont=\toks20
\theoremnumbering=\toks21
\theorempreskipamount=\skip43
\theorempostskipamount=\skip44
\theoremframepreskipamount=\skip45
\theoremframepostskipamount=\skip46
\theoreminframepreskipamount=\skip47
\theoreminframepostskipamount=\skip48
\theorem@preskip=\toks22
\theorem@postskip=\toks23
\theorem@framepreskip=\toks24
\theorem@framepostskip=\toks25
\theorem@inframepreskip=\toks26
\theorem@inframepostskip=\toks27
\theoremindent=\dimen127
\theorem@indent=\dimen128
\theoremrightindent=\dimen129
\theorem@rightindent=\dimen130
\theoremheaderfont=\toks28
\theoremseparator=\toks29
\theoremprework=\toks30
\theorempostwork=\toks31
\theoremsymbol=\toks32
\qedsymbol=\toks33
\theoremkeyword=\toks34
\qedsymbol=\toks35
\thm@topsep=\skip49
\thm@topsepadd=\skip50
Package ntheorem Info: Option `thmmarks' loaded on input line 1175.
\c@endNonectr=\count111
\c@currNonectr=\count112
\mysavskip=\skip51
Package ntheorem Info: Option `thref' loaded on input line 1175.
\mysavskip=\skip52
)
\c@currproofctr=\count113
\c@endproofctr=\count114
\c@proof=\count115
)
(/usr/local/texlive/2018/texmf-dist/tex/latex/framed/framed.sty
Package: framed 2011/10/22 v 0.96: framed or shaded text with page breaks
\OuterFrameSep=\skip53
\fb@frw=\dimen131
\fb@frh=\dimen132
\FrameRule=\dimen133
\FrameSep=\dimen134
)
(/usr/local/texlive/2018/texmf-dist/tex/latex/ms/ragged2e.sty
Package: ragged2e 2009/05/21 v2.1 ragged2e Package (MS)


LaTeX Warning: Command \@arrayparboxrestore  has changed.
               Check if current package is valid.

(/usr/local/texlive/2018/texmf-dist/tex/latex/ms/everysel.sty
Package: everysel 2011/10/28 v1.2 EverySelectfont Package (MS)
)
(/usr/local/texlive/2018/texmf-dist/tex/latex/footmisc/footmisc.sty
Package: footmisc 2011/06/06 v5.5b a miscellany of footnote facilities
\FN@temptoken=\toks36
\footnotemargin=\dimen135
\c@pp@next@reset=\count116
Package footmisc Info: Declaring symbol style bringhurst on input line 855.
Package footmisc Info: Declaring symbol style chicago on input line 863.
Package footmisc Info: Declaring symbol style wiley on input line 872.
Package footmisc Info: Declaring symbol style lamport-robust on input line 883.

Package footmisc Info: Declaring symbol style lamport* on input line 903.
Package footmisc Info: Declaring symbol style lamport*-robust on input line 924
.
)
\CenteringLeftskip=\skip54
\RaggedLeftLeftskip=\skip55
\RaggedRightLeftskip=\skip56
\CenteringRightskip=\skip57
\RaggedLeftRightskip=\skip58
\RaggedRightRightskip=\skip59
\CenteringParfillskip=\skip60
\RaggedLeftParfillskip=\skip61
\RaggedRightParfillskip=\skip62
\JustifyingParfillskip=\skip63
\CenteringParindent=\skip64
\RaggedLeftParindent=\skip65
\RaggedRightParindent=\skip66
\JustifyingParindent=\skip67
)
(/usr/local/texlive/2018/texmf-dist/tex/latex/cite/chapterbib.sty
\c@inputfile=\count117
Package: chapterbib 2010/09/18  v 1.17
)
(/usr/local/texlive/2018/texmf-dist/tex/latex/graphics/graphicx.sty
Package: graphicx 2017/06/01 v1.1a Enhanced LaTeX Graphics (DPC,SPQR)

(/usr/local/texlive/2018/texmf-dist/tex/latex/graphics/keyval.sty
Package: keyval 2014/10/28 v1.15 key=value parser (DPC)
\KV@toks@=\toks37
)
(/usr/local/texlive/2018/texmf-dist/tex/latex/graphics/graphics.sty
Package: graphics 2017/06/25 v1.2c Standard LaTeX Graphics (DPC,SPQR)

(/usr/local/texlive/2018/texmf-dist/tex/latex/graphics/trig.sty
Package: trig 2016/01/03 v1.10 sin cos tan (DPC)
)
(/usr/local/texlive/2018/texmf-dist/tex/latex/graphics-cfg/graphics.cfg
File: graphics.cfg 2016/06/04 v1.11 sample graphics configuration
)
Package graphics Info: Driver file: pdftex.def on input line 99.
)
\Gin@req@height=\dimen136
\Gin@req@width=\dimen137
)
(/usr/local/texlive/2018/texmf-dist/tex/latex/amsmath/amsmath.sty
Package: amsmath 2017/09/02 v2.17a AMS math features
\@mathmargin=\skip68

For additional information on amsmath, use the `?' option.
(/usr/local/texlive/2018/texmf-dist/tex/latex/amsmath/amstext.sty
Package: amstext 2000/06/29 v2.01 AMS text

(/usr/local/texlive/2018/texmf-dist/tex/latex/amsmath/amsgen.sty
File: amsgen.sty 1999/11/30 v2.0 generic functions
\@emptytoks=\toks38
\ex@=\dimen138
))
(/usr/local/texlive/2018/texmf-dist/tex/latex/amsmath/amsbsy.sty
Package: amsbsy 1999/11/29 v1.2d Bold Symbols
\pmbraise@=\dimen139
)
(/usr/local/texlive/2018/texmf-dist/tex/latex/amsmath/amsopn.sty
Package: amsopn 2016/03/08 v2.02 operator names
)
\inf@bad=\count118
LaTeX Info: Redefining \frac on input line 213.
\uproot@=\count119
\leftroot@=\count120
LaTeX Info: Redefining \overline on input line 375.
\classnum@=\count121
\DOTSCASE@=\count122
LaTeX Info: Redefining \ldots on input line 472.
LaTeX Info: Redefining \dots on input line 475.
LaTeX Info: Redefining \cdots on input line 596.
\Mathstrutbox@=\box29
\strutbox@=\box30
\big@size=\dimen140
LaTeX Font Info:    Redeclaring font encoding OML on input line 712.
LaTeX Font Info:    Redeclaring font encoding OMS on input line 713.
\macc@depth=\count123
\c@MaxMatrixCols=\count124
\dotsspace@=\muskip10
\c@parentequation=\count125
\dspbrk@lvl=\count126
\tag@help=\toks39
\row@=\count127
\column@=\count128
\maxfields@=\count129
\andhelp@=\toks40
\eqnshift@=\dimen141
\alignsep@=\dimen142
\tagshift@=\dimen143
\tagwidth@=\dimen144
\totwidth@=\dimen145
\lineht@=\dimen146
\@envbody=\toks41
\multlinegap=\skip69
\multlinetaggap=\skip70
\mathdisplay@stack=\toks42
LaTeX Info: Redefining \[ on input line 2817.
LaTeX Info: Redefining \] on input line 2818.
)
(/usr/local/texlive/2018/texmf-dist/tex/latex/amsfonts/amssymb.sty
Package: amssymb 2013/01/14 v3.01 AMS font symbols

(/usr/local/texlive/2018/texmf-dist/tex/latex/amsfonts/amsfonts.sty
Package: amsfonts 2013/01/14 v3.01 Basic AMSFonts support
\symAMSa=\mathgroup4
\symAMSb=\mathgroup5
LaTeX Font Info:    Overwriting math alphabet `\mathfrak' in version `bold'
(Font)                  U/euf/m/n --> U/euf/b/n on input line 106.
))
(/usr/local/texlive/2018/texmf-dist/tex/latex/algorithms/algorithmic.sty
Package: algorithmic 2009/08/24 v0.1 Document Style `algorithmic'
\c@ALC@unique=\count130
\c@ALC@line=\count131
\c@ALC@rem=\count132
\c@ALC@depth=\count133
\ALC@tlm=\skip71
\algorithmicindent=\skip72
)
(/usr/local/texlive/2018/texmf-dist/tex/latex/url/url.sty
\Urlmuskip=\muskip11
Package: url 2013/09/16  ver 3.4  Verb mode for urls, etc.
)
(/usr/local/texlive/2018/texmf-dist/tex/latex/tools/xspace.sty
Package: xspace 2014/10/28 v1.13 Space after command names (DPC,MH)
)

LaTeX Warning: Unused global option(s):
    [ruled].

(./main.aux (./cover.aux) (./foreword.aux) (./preface.aux) (./biographies.aux)
(./contriblist.aux)
No file "Part.aux.
No file "Part.aux.
No file "Part.aux.
No file "Part.aux.
No file "Part.aux.
No file "Part.aux.
No file "Part.aux.
No file "Part.aux.
No file "Part.aux.
No file "Part.aux.
No file "Part.aux.
No file "Part.aux.
No file "Part.aux.
No file "Part.aux.
No file "Part.aux.
No file "Part.aux.
No file "Part.aux.
No file "Part.aux.
No file "Part.aux.
)
\openout1 = `main.aux'.

LaTeX Font Info:    Checking defaults for OML/cmm/m/it on input line 31.
LaTeX Font Info:    ... okay on input line 31.
LaTeX Font Info:    Checking defaults for T1/cmr/m/n on input line 31.
LaTeX Font Info:    ... okay on input line 31.
LaTeX Font Info:    Checking defaults for OT1/cmr/m/n on input line 31.
LaTeX Font Info:    ... okay on input line 31.
LaTeX Font Info:    Checking defaults for OMS/cmsy/m/n on input line 31.
LaTeX Font Info:    ... okay on input line 31.
LaTeX Font Info:    Checking defaults for OMX/cmex/m/n on input line 31.
LaTeX Font Info:    ... okay on input line 31.
LaTeX Font Info:    Checking defaults for U/cmr/m/n on input line 31.
LaTeX Font Info:    ... okay on input line 31.
 (/usr/local/texlive/2018/texmf-dist/tex/context/base/mkii/supp-pdf.mkii
[Loading MPS to PDF converter (version 2006.09.02).]
\scratchcounter=\count134
\scratchdimen=\dimen147
\scratchbox=\box31
\nofMPsegments=\count135
\nofMParguments=\count136
\everyMPshowfont=\toks43
\MPscratchCnt=\count137
\MPscratchDim=\dimen148
\MPnumerator=\count138
\makeMPintoPDFobject=\count139
\everyMPtoPDFconversion=\toks44
) (/usr/local/texlive/2018/texmf-dist/tex/latex/oberdiek/epstopdf-base.sty
Package: epstopdf-base 2016/05/15 v2.6 Base part for package epstopdf

(/usr/local/texlive/2018/texmf-dist/tex/generic/oberdiek/infwarerr.sty
Package: infwarerr 2016/05/16 v1.4 Providing info/warning/error messages (HO)
)
(/usr/local/texlive/2018/texmf-dist/tex/latex/oberdiek/grfext.sty
Package: grfext 2016/05/16 v1.2 Manage graphics extensions (HO)

(/usr/local/texlive/2018/texmf-dist/tex/generic/oberdiek/kvdefinekeys.sty
Package: kvdefinekeys 2016/05/16 v1.4 Define keys (HO)

(/usr/local/texlive/2018/texmf-dist/tex/generic/oberdiek/ltxcmds.sty
Package: ltxcmds 2016/05/16 v1.23 LaTeX kernel commands for general use (HO)
)))
(/usr/local/texlive/2018/texmf-dist/tex/latex/oberdiek/kvoptions.sty
Package: kvoptions 2016/05/16 v3.12 Key value format for package options (HO)

(/usr/local/texlive/2018/texmf-dist/tex/generic/oberdiek/kvsetkeys.sty
Package: kvsetkeys 2016/05/16 v1.17 Key value parser (HO)

(/usr/local/texlive/2018/texmf-dist/tex/generic/oberdiek/etexcmds.sty
Package: etexcmds 2016/05/16 v1.6 Avoid name clashes with e-TeX commands (HO)

(/usr/local/texlive/2018/texmf-dist/tex/generic/oberdiek/ifluatex.sty
Package: ifluatex 2016/05/16 v1.4 Provides the ifluatex switch (HO)
Package ifluatex Info: LuaTeX not detected.
)
Package etexcmds Info: Could not find \expanded.
(etexcmds)             That can mean that you are not using pdfTeX 1.50 or
(etexcmds)             that some package has redefined \expanded.
(etexcmds)             In the latter case, load this package earlier.
)))
(/usr/local/texlive/2018/texmf-dist/tex/generic/oberdiek/pdftexcmds.sty
Package: pdftexcmds 2018/01/30 v0.27 Utility functions of pdfTeX for LuaTeX (HO
)

(/usr/local/texlive/2018/texmf-dist/tex/generic/oberdiek/ifpdf.sty
Package: ifpdf 2017/03/15 v3.2 Provides the ifpdf switch
)
Package pdftexcmds Info: LuaTeX not detected.
Package pdftexcmds Info: \pdf@primitive is available.
Package pdftexcmds Info: \pdf@ifprimitive is available.
Package pdftexcmds Info: \pdfdraftmode found.
)
Package epstopdf-base Info: Redefining graphics rule for `.eps' on input line 4
38.
Package grfext Info: Graphics extension search list:
(grfext)             [.pdf,.png,.jpg,.mps,.jpeg,.jbig2,.jb2,.PDF,.PNG,.JPG,.JPE
G,.JBIG2,.JB2,.eps]
(grfext)             \AppendGraphicsExtensions on input line 456.

(/usr/local/texlive/2018/texmf-dist/tex/latex/latexconfig/epstopdf-sys.cfg
File: epstopdf-sys.cfg 2010/07/13 v1.3 Configuration of (r)epstopdf for TeX Liv
e
))
Package ragged2e Info: ABD: executing \RaggedRight on input line 31.

ABD: EverySelectfont initializing macros
LaTeX Info: Redefining \selectfont on input line 31.
\openout2 = `cover.aux'.

 (./cover.tex

LaTeX Font Warning: Font shape `OT1/cmr/m/n' in size <8.5> not available
(Font)              size <8> substituted on input line 14.

<ieee-logo.png, id=1, 288.07625pt x 84.315pt>
File: ieee-logo.png Graphic file (type png)
<use ieee-logo.png>
Package pdftex.def Info: ieee-logo.png  used on input line 16.
(pdftex.def)             Requested size: 145.8224pt x 42.67912pt.
<ieee-cis-logo.jpg, id=3, 226.8475pt x 84.315pt>
File: ieee-cis-logo.jpg Graphic file (type jpg)
<use ieee-cis-logo.jpg>
Package pdftex.def Info: ieee-cis-logo.jpg  used on input line 18.
(pdftex.def)             Requested size: 114.8288pt x 42.67912pt.
[5











{/usr/local/texlive/2018/texmf-var/fonts/map/pdftex/updmap/pdftex.map} <./ieee-
logo.png> <./ieee-cis-logo.jpg>])
\openout2 = `foreword.aux'.

 (./foreword.tex [6






]

LaTeX Font Warning: Font shape `OT1/cmr/m/n' in size <16> not available
(Font)              size <17.28> substituted on input line 9.


LaTeX Font Warning: Font shape `OT1/cmr/bx/n' in size <16> not available
(Font)              size <17.28> substituted on input line 9.

LaTeX Font Info:    Try loading font information for U+msa on input line 9.
(/usr/local/texlive/2018/texmf-dist/tex/latex/amsfonts/umsa.fd
File: umsa.fd 2013/01/14 v3.01 AMS symbols A
)
LaTeX Font Info:    Try loading font information for U+msb on input line 9.

(/usr/local/texlive/2018/texmf-dist/tex/latex/amsfonts/umsb.fd
File: umsb.fd 2013/01/14 v3.01 AMS symbols B
)) [7]
\openout2 = `preface.aux'.


(./preface.tex [8





]) [9]
\openout2 = `biographies.aux'.

 (./biographies.tex) [10



]
\openout2 = `contriblist.aux'.


No file contriblist.tex.
(./main.toc)
\tf@toc=\write4
\openout4 = `main.toc'.

 [11






] [12


] (./main.lof)
\tf@lof=\write5
\openout5 = `main.lof'.

 [13] [14


]
\openout2 = `"Part.aux "'.


No file "Part.tex.
[1



]
\openout2 = `"Part.aux "'.


No file "Part.tex.
[2



]
\openout2 = `"Part.aux "'.


No file "Part.tex.
[3



]
\openout2 = `"Part.aux "'.


No file "Part.tex.
[4



]
\openout2 = `"Part.aux "'.


No file "Part.tex.
[5



]
\openout2 = `"Part.aux "'.


No file "Part.tex.
[6



]
\openout2 = `"Part.aux "'.


No file "Part.tex.
[7



]
\openout2 = `"Part.aux "'.


No file "Part.tex.
[8



]
\openout2 = `"Part.aux "'.


No file "Part.tex.
[9



]
\openout2 = `"Part.aux "'.


No file "Part.tex.
[10



]
\openout2 = `"Part.aux "'.


No file "Part.tex.

Overfull \hbox (4.54788pt too wide) in paragraph at lines 68--69
[]\OT1/cmr/m/n/10 3 - Learn-ing Sys-tems/Supervised Learn-ing/Multilayer Per-ce
p-tron/Multilayer 
 []

[11



]
\openout2 = `"Part.aux "'.


No file "Part.tex.
[12



]
\openout2 = `"Part.aux "'.


No file "Part.tex.
[13



]
\openout2 = `"Part.aux "'.


No file "Part.tex.
[14



]
\openout2 = `"Part.aux "'.


No file "Part.tex.
[15



]
\openout2 = `"Part.aux "'.


No file "Part.tex.

Overfull \hbox (27.88121pt too wide) in paragraph at lines 80--81
[]\OT1/cmr/m/n/10 3 - Learn-ing Sys-tems/Unsupervised Learn-ing/Hierarchical Cl
us-ter-ing/Hierarchical 
 []

[16



]
\openout2 = `"Part.aux "'.


No file "Part.tex.
[17



]
\openout2 = `"Part.aux "'.


No file "Part.tex.

Overfull \hbox (47.40918pt too wide) in paragraph at lines 82--83
[]\OT1/cmr/m/n/10 3 - Learn-ing Sys-tems/Unsupervised Learning/Expectation-Maxi
mization/Expectation- 
 []

[18



]
\openout2 = `"Part.aux "'.


No file "Part.tex.
[19



] [20


]
\tf@thm=\write6
\openout6 = `main.thm'.

 (./main.aux (./cover.aux) (./foreword.aux) (./preface.aux)
(./biographies.aux) (./contriblist.aux)
No file "Part.aux.
No file "Part.aux.
No file "Part.aux.
No file "Part.aux.
No file "Part.aux.
No file "Part.aux.
No file "Part.aux.
No file "Part.aux.
No file "Part.aux.
No file "Part.aux.
No file "Part.aux.
No file "Part.aux.
No file "Part.aux.
No file "Part.aux.
No file "Part.aux.
No file "Part.aux.
No file "Part.aux.
No file "Part.aux.
No file "Part.aux.
)

LaTeX Font Warning: Size substitutions with differences
(Font)              up to 1.28pt have occurred.

 ) 
Here is how much of TeX's memory you used:
 4541 strings out of 492649
 60013 string characters out of 6129622
 155607 words of memory out of 5000000
 8307 multiletter control sequences out of 15000+600000
 8406 words of font info for 32 fonts, out of 8000000 for 9000
 1141 hyphenation exceptions out of 8191
 41i,6n,37p,271b,246s stack positions out of 5000i,500n,10000p,200000b,80000s
</usr/local/texlive/2018/texmf-dist/fonts/type1/public/amsfonts/cm/cmbx10.pfb
></usr/local/texlive/2018/texmf-dist/fonts/type1/public/amsfonts/cm/cmbx12.pfb>
</usr/local/texlive/2018/texmf-dist/fonts/type1/public/amsfonts/cm/cmcsc10.pfb>
</usr/local/texlive/2018/texmf-dist/fonts/type1/public/amsfonts/cm/cmr10.pfb></
usr/local/texlive/2018/texmf-dist/fonts/type1/public/amsfonts/cm/cmr8.pfb></usr
/local/texlive/2018/texmf-dist/fonts/type1/public/amsfonts/cm/cmti10.pfb>
Output written on main.pdf (30 pages, 132011 bytes).
PDF statistics:
 128 PDF objects out of 1000 (max. 8388607)
 86 compressed objects within 1 object stream
 0 named destinations out of 1000 (max. 500000)
 11 words of extra memory for PDF output out of 10000 (max. 10000000)

